<?xml version="1.0" encoding="UTF-8"?>
<testng-results ignored="0" total="10" passed="8" failed="2" skipped="0">
  <reporter-output>
  </reporter-output>
  <suite started-at="2022-11-10T14:19:20 IST" name="Default suite" finished-at="2022-11-10T14:19:56 IST" duration-ms="35979">
    <groups>
    </groups>
    <test started-at="2022-11-10T14:19:20 IST" name="Default test" finished-at="2022-11-10T14:19:56 IST" duration-ms="35979">
      <class name="Test.AlreadyRegUser">
        <test-method is-config="true" signature="beforeClass()[pri:0, instance:Test.AlreadyRegUser@1750fbeb]" started-at="2022-11-10T14:19:20 IST" name="beforeClass" finished-at="2022-11-10T14:19:29 IST" duration-ms="8832" status="PASS">
          <reporter-output>
          </reporter-output>
        </test-method> <!-- beforeClass -->
        <test-method signature="Login()[pri:0, instance:Test.AlreadyRegUser@1750fbeb]" started-at="2022-11-10T14:19:29 IST" name="Login" finished-at="2022-11-10T14:19:32 IST" duration-ms="3195" status="PASS">
          <reporter-output>
          </reporter-output>
        </test-method> <!-- Login -->
        <test-method is-config="true" signature="afterClass()[pri:0, instance:Test.AlreadyRegUser@1750fbeb]" started-at="2022-11-10T14:19:32 IST" name="afterClass" finished-at="2022-11-10T14:19:32 IST" duration-ms="274" status="PASS">
          <reporter-output>
          </reporter-output>
        </test-method> <!-- afterClass -->
      </class> <!-- Test.AlreadyRegUser -->
      <class name="Test.RegexTest">
        <test-method is-config="true" signature="beforeClass()[pri:0, instance:Test.RegexTest@231f98ef]" started-at="2022-11-10T14:19:32 IST" name="beforeClass" finished-at="2022-11-10T14:19:33 IST" duration-ms="964" status="PASS">
          <reporter-output>
          </reporter-output>
        </test-method> <!-- beforeClass -->
        <test-method signature="Verifycredentials(java.lang.String,java.lang.String,java.lang.String,java.lang.String,java.lang.String,java.lang.String,java.lang.String,java.lang.String,java.lang.String,java.lang.String)[pri:0, instance:Test.RegexTest@231f98ef]" started-at="2022-11-10T14:19:33 IST" name="Verifycredentials" data-provider="credentials" finished-at="2022-11-10T14:19:36 IST" duration-ms="2679" status="PASS">
          <params>
            <param index="0">
              <value>
                <![CDATA[CorrectFormate]]>
              </value>
            </param>
            <param index="1">
              <value>
                <![CDATA[Swapnil Rajendra Take]]>
              </value>
            </param>
            <param index="2">
              <value>
                <![CDATA[8600789879]]>
              </value>
            </param>
            <param index="3">
              <value>
                <![CDATA[20-10-2000]]>
              </value>
            </param>
            <param index="4">
              <value>
                <![CDATA[Adhar]]>
              </value>
            </param>
            <param index="5">
              <value>
                <![CDATA[979325686414]]>
              </value>
            </param>
            <param index="6">
              <value>
                <![CDATA[Newasa tal-Newasa dist-Ahmednagar]]>
              </value>
            </param>
            <param index="7">
              <value>
                <![CDATA[Maharashtra]]>
              </value>
            </param>
            <param index="8">
              <value>
                <![CDATA[RT-PCR]]>
              </value>
            </param>
            <param index="9">
              <value>
                <![CDATA[22-12-2022 13:20]]>
              </value>
            </param>
          </params>
          <reporter-output>
          </reporter-output>
        </test-method> <!-- Verifycredentials -->
        <test-method signature="Verifycredentials(java.lang.String,java.lang.String,java.lang.String,java.lang.String,java.lang.String,java.lang.String,java.lang.String,java.lang.String,java.lang.String,java.lang.String)[pri:0, instance:Test.RegexTest@231f98ef]" started-at="2022-11-10T14:19:36 IST" name="Verifycredentials" data-provider="credentials" finished-at="2022-11-10T14:19:37 IST" duration-ms="1111" status="PASS">
          <params>
            <param index="0">
              <value>
                <![CDATA[WrongFormate]]>
              </value>
            </param>
            <param index="1">
              <value>
                <![CDATA[Swapnil Take]]>
              </value>
            </param>
            <param index="2">
              <value>
                <![CDATA[8600789879]]>
              </value>
            </param>
            <param index="3">
              <value>
                <![CDATA[20-10-2000]]>
              </value>
            </param>
            <param index="4">
              <value>
                <![CDATA[Adhar]]>
              </value>
            </param>
            <param index="5">
              <value>
                <![CDATA[979325686414]]>
              </value>
            </param>
            <param index="6">
              <value>
                <![CDATA[Newasa tal-Newasa dist-Ahmednagar]]>
              </value>
            </param>
            <param index="7">
              <value>
                <![CDATA[Maharashtra]]>
              </value>
            </param>
            <param index="8">
              <value>
                <![CDATA[RT-PCR]]>
              </value>
            </param>
            <param index="9">
              <value>
                <![CDATA[22-12-2022 13:20]]>
              </value>
            </param>
          </params>
          <reporter-output>
          </reporter-output>
        </test-method> <!-- Verifycredentials -->
        <test-method signature="Verifycredentials(java.lang.String,java.lang.String,java.lang.String,java.lang.String,java.lang.String,java.lang.String,java.lang.String,java.lang.String,java.lang.String,java.lang.String)[pri:0, instance:Test.RegexTest@231f98ef]" started-at="2022-11-10T14:19:37 IST" name="Verifycredentials" data-provider="credentials" finished-at="2022-11-10T14:19:38 IST" duration-ms="1108" status="PASS">
          <params>
            <param index="0">
              <value>
                <![CDATA[WrongFormate]]>
              </value>
            </param>
            <param index="1">
              <value>
                <![CDATA[Swapnil]]>
              </value>
            </param>
            <param index="2">
              <value>
                <![CDATA[8600789879]]>
              </value>
            </param>
            <param index="3">
              <value>
                <![CDATA[20-10-2000]]>
              </value>
            </param>
            <param index="4">
              <value>
                <![CDATA[Adhar]]>
              </value>
            </param>
            <param index="5">
              <value>
                <![CDATA[979325686414]]>
              </value>
            </param>
            <param index="6">
              <value>
                <![CDATA[Newasa tal-Newasa dist-Ahmednagar]]>
              </value>
            </param>
            <param index="7">
              <value>
                <![CDATA[Maharashtra]]>
              </value>
            </param>
            <param index="8">
              <value>
                <![CDATA[RT-PCR]]>
              </value>
            </param>
            <param index="9">
              <value>
                <![CDATA[22-12-2022 13:20]]>
              </value>
            </param>
          </params>
          <reporter-output>
          </reporter-output>
        </test-method> <!-- Verifycredentials -->
        <test-method is-config="true" signature="afterClass()[pri:0, instance:Test.RegexTest@231f98ef]" started-at="2022-11-10T14:19:38 IST" name="afterClass" finished-at="2022-11-10T14:19:39 IST" duration-ms="191" status="PASS">
          <reporter-output>
          </reporter-output>
        </test-method> <!-- afterClass -->
      </class> <!-- Test.RegexTest -->
      <class name="Test.SearchTestReport">
        <test-method is-config="true" signature="beforeClass()[pri:0, instance:Test.SearchTestReport@183ec003]" started-at="2022-11-10T14:19:42 IST" name="beforeClass" finished-at="2022-11-10T14:19:43 IST" duration-ms="920" status="PASS">
          <reporter-output>
          </reporter-output>
        </test-method> <!-- beforeClass -->
        <test-method signature="SearchUser()[pri:0, instance:Test.SearchTestReport@183ec003]" started-at="2022-11-10T14:19:43 IST" name="SearchUser" finished-at="2022-11-10T14:19:44 IST" duration-ms="1537" status="PASS">
          <reporter-output>
          </reporter-output>
        </test-method> <!-- SearchUser -->
        <test-method is-config="true" signature="afterClass()[pri:0, instance:Test.SearchTestReport@183ec003]" started-at="2022-11-10T14:19:44 IST" name="afterClass" finished-at="2022-11-10T14:19:44 IST" duration-ms="145" status="PASS">
          <reporter-output>
          </reporter-output>
        </test-method> <!-- afterClass -->
      </class> <!-- Test.SearchTestReport -->
      <class name="Test.SearchAndDownloadReportTest">
        <test-method is-config="true" signature="beforeClass()[pri:0, instance:Test.SearchAndDownloadReportTest@7c137fd5]" started-at="2022-11-10T14:19:39 IST" name="beforeClass" finished-at="2022-11-10T14:19:39 IST" duration-ms="861" status="PASS">
          <reporter-output>
          </reporter-output>
        </test-method> <!-- beforeClass -->
        <test-method signature="SearchUser()[pri:0, instance:Test.SearchAndDownloadReportTest@7c137fd5]" started-at="2022-11-10T14:19:39 IST" name="SearchUser" finished-at="2022-11-10T14:19:42 IST" duration-ms="2223" status="FAIL">
          <exception class="org.openqa.selenium.NoSuchElementException">
            <message>
              <![CDATA[no such element: Unable to locate element: {"method":"xpath","selector":"/html/body/div/div/div/div/div/div[2]/div/form/div/div[2]/div/table/tbody/tr/td[8]/a"}
  (Session info: chrome=107.0.5304.88)
For documentation on this error, please visit: https://selenium.dev/exceptions/#no_such_element
Build info: version: '4.6.0', revision: '79f1c02ae20'
System info: os.name: 'Windows 11', os.arch: 'amd64', os.version: '10.0', java.version: '17.0.5'
Driver info: org.openqa.selenium.chrome.ChromeDriver
Command: [8c4f2ba40ab00659c68e314b5cb9166c, findElement {using=xpath, value=/html/body/div/div/div/div/div/div[2]/div/form/div/div[2]/div/table/tbody/tr/td[8]/a}]
Capabilities {acceptInsecureCerts: false, browserName: chrome, browserVersion: 107.0.5304.88, chrome: {chromedriverVersion: 107.0.5304.62 (1eec40d3a576..., userDataDir: C:\Users\SHAMIK\AppData\Loc...}, goog:chromeOptions: {debuggerAddress: localhost:62926}, networkConnectionEnabled: false, pageLoadStrategy: normal, platformName: WINDOWS, proxy: Proxy(), se:cdp: ws://localhost:62926/devtoo..., se:cdpVersion: 107.0.5304.88, setWindowRect: true, strictFileInteractability: false, timeouts: {implicit: 0, pageLoad: 300000, script: 30000}, unhandledPromptBehavior: dismiss and notify, webauthn:extension:credBlob: true, webauthn:extension:largeBlob: true, webauthn:virtualAuthenticators: true}
Session ID: 8c4f2ba40ab00659c68e314b5cb9166c]]>
            </message>
            <full-stacktrace>
              <![CDATA[org.openqa.selenium.NoSuchElementException: no such element: Unable to locate element: {"method":"xpath","selector":"/html/body/div/div/div/div/div/div[2]/div/form/div/div[2]/div/table/tbody/tr/td[8]/a"}
  (Session info: chrome=107.0.5304.88)
For documentation on this error, please visit: https://selenium.dev/exceptions/#no_such_element
Build info: version: '4.6.0', revision: '79f1c02ae20'
System info: os.name: 'Windows 11', os.arch: 'amd64', os.version: '10.0', java.version: '17.0.5'
Driver info: org.openqa.selenium.chrome.ChromeDriver
Command: [8c4f2ba40ab00659c68e314b5cb9166c, findElement {using=xpath, value=/html/body/div/div/div/div/div/div[2]/div/form/div/div[2]/div/table/tbody/tr/td[8]/a}]
Capabilities {acceptInsecureCerts: false, browserName: chrome, browserVersion: 107.0.5304.88, chrome: {chromedriverVersion: 107.0.5304.62 (1eec40d3a576..., userDataDir: C:\Users\SHAMIK\AppData\Loc...}, goog:chromeOptions: {debuggerAddress: localhost:62926}, networkConnectionEnabled: false, pageLoadStrategy: normal, platformName: WINDOWS, proxy: Proxy(), se:cdp: ws://localhost:62926/devtoo..., se:cdpVersion: 107.0.5304.88, setWindowRect: true, strictFileInteractability: false, timeouts: {implicit: 0, pageLoad: 300000, script: 30000}, unhandledPromptBehavior: dismiss and notify, webauthn:extension:credBlob: true, webauthn:extension:largeBlob: true, webauthn:virtualAuthenticators: true}
Session ID: 8c4f2ba40ab00659c68e314b5cb9166c
at java.base/jdk.internal.reflect.NativeConstructorAccessorImpl.newInstance0(Native Method)
at java.base/jdk.internal.reflect.NativeConstructorAccessorImpl.newInstance(NativeConstructorAccessorImpl.java:77)
at java.base/jdk.internal.reflect.DelegatingConstructorAccessorImpl.newInstance(DelegatingConstructorAccessorImpl.java:45)
at java.base/java.lang.reflect.Constructor.newInstanceWithCaller(Constructor.java:499)
at java.base/java.lang.reflect.Constructor.newInstance(Constructor.java:480)
at org.openqa.selenium.remote.codec.w3c.W3CHttpResponseCodec.createException(W3CHttpResponseCodec.java:200)
at org.openqa.selenium.remote.codec.w3c.W3CHttpResponseCodec.decode(W3CHttpResponseCodec.java:133)
at org.openqa.selenium.remote.codec.w3c.W3CHttpResponseCodec.decode(W3CHttpResponseCodec.java:53)
at org.openqa.selenium.remote.HttpCommandExecutor.execute(HttpCommandExecutor.java:184)
at org.openqa.selenium.remote.service.DriverCommandExecutor.invokeExecute(DriverCommandExecutor.java:167)
at org.openqa.selenium.remote.service.DriverCommandExecutor.execute(DriverCommandExecutor.java:142)
at org.openqa.selenium.remote.RemoteWebDriver.execute(RemoteWebDriver.java:541)
at org.openqa.selenium.remote.ElementLocation$ElementFinder$2.findElement(ElementLocation.java:162)
at org.openqa.selenium.remote.ElementLocation.findElement(ElementLocation.java:60)
at org.openqa.selenium.remote.RemoteWebDriver.findElement(RemoteWebDriver.java:365)
at org.openqa.selenium.remote.RemoteWebDriver.findElement(RemoteWebDriver.java:357)
at Test.SearchAndDownloadReportTest.SearchUser(SearchAndDownloadReportTest.java:25)
at java.base/jdk.internal.reflect.NativeMethodAccessorImpl.invoke0(Native Method)
at java.base/jdk.internal.reflect.NativeMethodAccessorImpl.invoke(NativeMethodAccessorImpl.java:77)
at java.base/jdk.internal.reflect.DelegatingMethodAccessorImpl.invoke(DelegatingMethodAccessorImpl.java:43)
at java.base/java.lang.reflect.Method.invoke(Method.java:568)
at org.testng.internal.MethodInvocationHelper.invokeMethod(MethodInvocationHelper.java:133)
at org.testng.internal.TestInvoker.invokeMethod(TestInvoker.java:598)
at org.testng.internal.TestInvoker.invokeTestMethod(TestInvoker.java:173)
at org.testng.internal.MethodRunner.runInSequence(MethodRunner.java:46)
at org.testng.internal.TestInvoker$MethodInvocationAgent.invoke(TestInvoker.java:824)
at org.testng.internal.TestInvoker.invokeTestMethods(TestInvoker.java:146)
at org.testng.internal.TestMethodWorker.invokeTestMethods(TestMethodWorker.java:146)
at org.testng.internal.TestMethodWorker.run(TestMethodWorker.java:128)
at java.base/java.util.ArrayList.forEach(ArrayList.java:1511)
at org.testng.TestRunner.privateRun(TestRunner.java:794)
at org.testng.TestRunner.run(TestRunner.java:596)
at org.testng.SuiteRunner.runTest(SuiteRunner.java:377)
at org.testng.SuiteRunner.runSequentially(SuiteRunner.java:371)
at org.testng.SuiteRunner.privateRun(SuiteRunner.java:332)
at org.testng.SuiteRunner.run(SuiteRunner.java:276)
at org.testng.SuiteRunnerWorker.runSuite(SuiteRunnerWorker.java:53)
at org.testng.SuiteRunnerWorker.run(SuiteRunnerWorker.java:96)
at org.testng.TestNG.runSuitesSequentially(TestNG.java:1212)
at org.testng.TestNG.runSuitesLocally(TestNG.java:1134)
at org.testng.TestNG.runSuites(TestNG.java:1063)
at org.testng.TestNG.run(TestNG.java:1031)
at org.testng.remote.AbstractRemoteTestNG.run(AbstractRemoteTestNG.java:115)
at org.testng.remote.RemoteTestNG.initAndRun(RemoteTestNG.java:251)
at org.testng.remote.RemoteTestNG.main(RemoteTestNG.java:77)
]]>
            </full-stacktrace>
          </exception> <!-- org.openqa.selenium.NoSuchElementException -->
          <reporter-output>
          </reporter-output>
        </test-method> <!-- SearchUser -->
        <test-method is-config="true" signature="afterClass()[pri:0, instance:Test.SearchAndDownloadReportTest@7c137fd5]" started-at="2022-11-10T14:19:42 IST" name="afterClass" finished-at="2022-11-10T14:19:42 IST" duration-ms="180" status="PASS">
          <reporter-output>
          </reporter-output>
        </test-method> <!-- afterClass -->
      </class> <!-- Test.SearchAndDownloadReportTest -->
      <class name="Test.NewTest">
        <test-method is-config="true" signature="beforeClass()[pri:0, instance:Test.NewTest@7d9d0818]" started-at="2022-11-10T14:19:44 IST" name="beforeClass" finished-at="2022-11-10T14:19:45 IST" duration-ms="982" status="PASS">
          <reporter-output>
          </reporter-output>
        </test-method> <!-- beforeClass -->
        <test-method signature="openMyBlog()[pri:0, instance:Test.NewTest@7d9d0818]" started-at="2022-11-10T14:19:45 IST" name="openMyBlog" finished-at="2022-11-10T14:19:47 IST" duration-ms="1419" status="PASS">
          <reporter-output>
          </reporter-output>
        </test-method> <!-- openMyBlog -->
        <test-method is-config="true" signature="afterClass()[pri:0, instance:Test.NewTest@7d9d0818]" started-at="2022-11-10T14:19:47 IST" name="afterClass" finished-at="2022-11-10T14:19:47 IST" duration-ms="193" status="PASS">
          <reporter-output>
          </reporter-output>
        </test-method> <!-- afterClass -->
      </class> <!-- Test.NewTest -->
      <class name="Test.BtnTest">
        <test-method is-config="true" signature="beforeClass()[pri:0, instance:Test.BtnTest@221a3fa4]" started-at="2022-11-10T14:19:47 IST" name="beforeClass" finished-at="2022-11-10T14:19:48 IST" duration-ms="845" status="PASS">
          <reporter-output>
          </reporter-output>
        </test-method> <!-- beforeClass -->
        <test-method signature="Testbtn1()[pri:0, instance:Test.BtnTest@221a3fa4]" started-at="2022-11-10T14:19:48 IST" name="Testbtn1" finished-at="2022-11-10T14:19:49 IST" duration-ms="1513" status="FAIL">
          <exception class="org.openqa.selenium.ElementNotInteractableException">
            <message>
              <![CDATA[element not interactable
  (Session info: chrome=107.0.5304.88)
Build info: version: '4.6.0', revision: '79f1c02ae20'
System info: os.name: 'Windows 11', os.arch: 'amd64', os.version: '10.0', java.version: '17.0.5'
Driver info: org.openqa.selenium.chrome.ChromeDriver
Command: [ee8a0eb6589afffbdb827670e52ffd12, clickElement {id=2fd97483-0a3a-4208-8c7c-ad28aff590ef}]
Capabilities {acceptInsecureCerts: false, browserName: chrome, browserVersion: 107.0.5304.88, chrome: {chromedriverVersion: 107.0.5304.62 (1eec40d3a576..., userDataDir: C:\Users\SHAMIK\AppData\Loc...}, goog:chromeOptions: {debuggerAddress: localhost:63009}, networkConnectionEnabled: false, pageLoadStrategy: normal, platformName: WINDOWS, proxy: Proxy(), se:cdp: ws://localhost:63009/devtoo..., se:cdpVersion: 107.0.5304.88, setWindowRect: true, strictFileInteractability: false, timeouts: {implicit: 0, pageLoad: 300000, script: 30000}, unhandledPromptBehavior: dismiss and notify, webauthn:extension:credBlob: true, webauthn:extension:largeBlob: true, webauthn:virtualAuthenticators: true}
Element: [[ChromeDriver: chrome on WINDOWS (ee8a0eb6589afffbdb827670e52ffd12)] -> xpath: /html/body/div/ul/li[2]/div/div/a[1]]
Session ID: ee8a0eb6589afffbdb827670e52ffd12]]>
            </message>
            <full-stacktrace>
              <![CDATA[org.openqa.selenium.ElementNotInteractableException: element not interactable
  (Session info: chrome=107.0.5304.88)
Build info: version: '4.6.0', revision: '79f1c02ae20'
System info: os.name: 'Windows 11', os.arch: 'amd64', os.version: '10.0', java.version: '17.0.5'
Driver info: org.openqa.selenium.chrome.ChromeDriver
Command: [ee8a0eb6589afffbdb827670e52ffd12, clickElement {id=2fd97483-0a3a-4208-8c7c-ad28aff590ef}]
Capabilities {acceptInsecureCerts: false, browserName: chrome, browserVersion: 107.0.5304.88, chrome: {chromedriverVersion: 107.0.5304.62 (1eec40d3a576..., userDataDir: C:\Users\SHAMIK\AppData\Loc...}, goog:chromeOptions: {debuggerAddress: localhost:63009}, networkConnectionEnabled: false, pageLoadStrategy: normal, platformName: WINDOWS, proxy: Proxy(), se:cdp: ws://localhost:63009/devtoo..., se:cdpVersion: 107.0.5304.88, setWindowRect: true, strictFileInteractability: false, timeouts: {implicit: 0, pageLoad: 300000, script: 30000}, unhandledPromptBehavior: dismiss and notify, webauthn:extension:credBlob: true, webauthn:extension:largeBlob: true, webauthn:virtualAuthenticators: true}
Element: [[ChromeDriver: chrome on WINDOWS (ee8a0eb6589afffbdb827670e52ffd12)] -> xpath: /html/body/div/ul/li[2]/div/div/a[1]]
Session ID: ee8a0eb6589afffbdb827670e52ffd12
at java.base/jdk.internal.reflect.NativeConstructorAccessorImpl.newInstance0(Native Method)
at java.base/jdk.internal.reflect.NativeConstructorAccessorImpl.newInstance(NativeConstructorAccessorImpl.java:77)
at java.base/jdk.internal.reflect.DelegatingConstructorAccessorImpl.newInstance(DelegatingConstructorAccessorImpl.java:45)
at java.base/java.lang.reflect.Constructor.newInstanceWithCaller(Constructor.java:499)
at java.base/java.lang.reflect.Constructor.newInstance(Constructor.java:480)
at org.openqa.selenium.remote.codec.w3c.W3CHttpResponseCodec.createException(W3CHttpResponseCodec.java:200)
at org.openqa.selenium.remote.codec.w3c.W3CHttpResponseCodec.decode(W3CHttpResponseCodec.java:133)
at org.openqa.selenium.remote.codec.w3c.W3CHttpResponseCodec.decode(W3CHttpResponseCodec.java:53)
at org.openqa.selenium.remote.HttpCommandExecutor.execute(HttpCommandExecutor.java:184)
at org.openqa.selenium.remote.service.DriverCommandExecutor.invokeExecute(DriverCommandExecutor.java:167)
at org.openqa.selenium.remote.service.DriverCommandExecutor.execute(DriverCommandExecutor.java:142)
at org.openqa.selenium.remote.RemoteWebDriver.execute(RemoteWebDriver.java:541)
at org.openqa.selenium.remote.RemoteWebElement.execute(RemoteWebElement.java:257)
at org.openqa.selenium.remote.RemoteWebElement.click(RemoteWebElement.java:78)
at Test.BtnTest.Testbtn1(BtnTest.java:19)
at java.base/jdk.internal.reflect.NativeMethodAccessorImpl.invoke0(Native Method)
at java.base/jdk.internal.reflect.NativeMethodAccessorImpl.invoke(NativeMethodAccessorImpl.java:77)
at java.base/jdk.internal.reflect.DelegatingMethodAccessorImpl.invoke(DelegatingMethodAccessorImpl.java:43)
at java.base/java.lang.reflect.Method.invoke(Method.java:568)
at org.testng.internal.MethodInvocationHelper.invokeMethod(MethodInvocationHelper.java:133)
at org.testng.internal.TestInvoker.invokeMethod(TestInvoker.java:598)
at org.testng.internal.TestInvoker.invokeTestMethod(TestInvoker.java:173)
at org.testng.internal.MethodRunner.runInSequence(MethodRunner.java:46)
at org.testng.internal.TestInvoker$MethodInvocationAgent.invoke(TestInvoker.java:824)
at org.testng.internal.TestInvoker.invokeTestMethods(TestInvoker.java:146)
at org.testng.internal.TestMethodWorker.invokeTestMethods(TestMethodWorker.java:146)
at org.testng.internal.TestMethodWorker.run(TestMethodWorker.java:128)
at java.base/java.util.ArrayList.forEach(ArrayList.java:1511)
at org.testng.TestRunner.privateRun(TestRunner.java:794)
at org.testng.TestRunner.run(TestRunner.java:596)
at org.testng.SuiteRunner.runTest(SuiteRunner.java:377)
at org.testng.SuiteRunner.runSequentially(SuiteRunner.java:371)
at org.testng.SuiteRunner.privateRun(SuiteRunner.java:332)
at org.testng.SuiteRunner.run(SuiteRunner.java:276)
at org.testng.SuiteRunnerWorker.runSuite(SuiteRunnerWorker.java:53)
at org.testng.SuiteRunnerWorker.run(SuiteRunnerWorker.java:96)
at org.testng.TestNG.runSuitesSequentially(TestNG.java:1212)
at org.testng.TestNG.runSuitesLocally(TestNG.java:1134)
at org.testng.TestNG.runSuites(TestNG.java:1063)
at org.testng.TestNG.run(TestNG.java:1031)
at org.testng.remote.AbstractRemoteTestNG.run(AbstractRemoteTestNG.java:115)
at org.testng.remote.RemoteTestNG.initAndRun(RemoteTestNG.java:251)
at org.testng.remote.RemoteTestNG.main(RemoteTestNG.java:77)
]]>
            </full-stacktrace>
          </exception> <!-- org.openqa.selenium.ElementNotInteractableException -->
          <reporter-output>
          </reporter-output>
        </test-method> <!-- Testbtn1 -->
        <test-method is-config="true" signature="afterClass()[pri:0, instance:Test.BtnTest@221a3fa4]" started-at="2022-11-10T14:19:49 IST" name="afterClass" finished-at="2022-11-10T14:19:50 IST" duration-ms="181" status="PASS">
          <reporter-output>
          </reporter-output>
        </test-method> <!-- afterClass -->
      </class> <!-- Test.BtnTest -->
      <class name="Test.SignUpTest">
        <test-method is-config="true" signature="beforeClass()[pri:0, instance:Test.SignUpTest@451001e5]" started-at="2022-11-10T14:19:50 IST" name="beforeClass" finished-at="2022-11-10T14:19:51 IST" duration-ms="1022" status="PASS">
          <reporter-output>
          </reporter-output>
        </test-method> <!-- beforeClass -->
        <test-method signature="Signup()[pri:0, instance:Test.SignUpTest@451001e5]" started-at="2022-11-10T14:19:51 IST" name="Signup" finished-at="2022-11-10T14:19:53 IST" duration-ms="2457" status="PASS">
          <reporter-output>
          </reporter-output>
        </test-method> <!-- Signup -->
        <test-method is-config="true" signature="afterClass()[pri:0, instance:Test.SignUpTest@451001e5]" started-at="2022-11-10T14:19:53 IST" name="afterClass" finished-at="2022-11-10T14:19:53 IST" duration-ms="193" status="PASS">
          <reporter-output>
          </reporter-output>
        </test-method> <!-- afterClass -->
      </class> <!-- Test.SignUpTest -->
      <class name="Test.LoginTest">
        <test-method is-config="true" signature="beforeClass()[pri:0, instance:Test.LoginTest@4d1c005e]" started-at="2022-11-10T14:19:53 IST" name="beforeClass" finished-at="2022-11-10T14:19:54 IST" duration-ms="833" status="PASS">
          <reporter-output>
          </reporter-output>
        </test-method> <!-- beforeClass -->
        <test-method signature="Login()[pri:0, instance:Test.LoginTest@4d1c005e]" started-at="2022-11-10T14:19:54 IST" name="Login" finished-at="2022-11-10T14:19:56 IST" duration-ms="1852" status="PASS">
          <reporter-output>
          </reporter-output>
        </test-method> <!-- Login -->
        <test-method is-config="true" signature="afterClass()[pri:0, instance:Test.LoginTest@4d1c005e]" started-at="2022-11-10T14:19:56 IST" name="afterClass" finished-at="2022-11-10T14:19:56 IST" duration-ms="185" status="PASS">
          <reporter-output>
          </reporter-output>
        </test-method> <!-- afterClass -->
      </class> <!-- Test.LoginTest -->
    </test> <!-- Default test -->
  </suite> <!-- Default suite -->
</testng-results>
